Arguments: 
  /usr/local/bin/node /usr/local/bin/yarn add @types/jsonwebtoken -D

PATH: 
  /usr/local/bin:/usr/local/sbin:/usr/local/bin:/usr/bin:/bin:/usr/sbin:/sbin:/Library/Apple/usr/bin:/usr/local/sbin

Yarn version: 
  1.22.19

Node version: 
  16.13.1

Platform: 
  darwin x64

Trace: 
  Error: read EADDRNOTAVAIL
      at TLSWrap.onStreamRead (node:internal/stream_base_commons:220:20)

npm manifest: 
  {
    "name": "node_ts_api",
    "version": "1.0.0",
    "main": "index.js",
    "type": "commonjs",
    "license": "MIT",
    "scripts": {
      "start": "nodemon ./index.ts"
    },
    "dependencies": {
      "@types/jsonwebtoken": "^9.0.2",
      "express": "^4.18.2",
      "express-async-errors": "^3.1.1",
      "jsonwebtoken": "^9.0.0",
      "md5": "^2.3.0",
      "mysql2": "^3.3.1",
      "sequelize": "^6.31.1"
    },
    "devDependencies": {
      "@types/express": "^4.17.17",
      "@types/md5": "^2.3.2",
      "@types/node": "^20.1.5",
      "nodemon": "^2.0.22",
      "ts-node": "^10.9.1",
      "typescript": "^5.0.4"
    }
  }

yarn manifest: 
  No manifest

Lockfile: 
  No lockfile
